#! /usr/bin/vvp
:ivl_version "11.0 (stable)";
:ivl_delay_selection "TYPICAL";
:vpi_time_precision + 0;
:vpi_module "/usr/lib/x86_64-linux-gnu/ivl/system.vpi";
:vpi_module "/usr/lib/x86_64-linux-gnu/ivl/vhdl_sys.vpi";
:vpi_module "/usr/lib/x86_64-linux-gnu/ivl/vhdl_textio.vpi";
:vpi_module "/usr/lib/x86_64-linux-gnu/ivl/v2005_math.vpi";
:vpi_module "/usr/lib/x86_64-linux-gnu/ivl/va_math.vpi";
S_0x559fe983ed90 .scope module, "line_decoder" "line_decoder" 2 19;
 .timescale 0 0;
L_0x559fe9886c40 .functor NOT 1, v0x559fe9840f30_0, C4<0>, C4<0>, C4<0>;
L_0x559fe9886d30 .functor BUFZ 1, v0x559fe9840f30_0, C4<0>, C4<0>, C4<0>;
v0x559fe9840f30_0 .var "a", 0 0;
v0x559fe9886ae0_0 .net "d0", 0 0, L_0x559fe9886c40;  1 drivers
v0x559fe9886ba0_0 .net "d1", 0 0, L_0x559fe9886d30;  1 drivers
    .scope S_0x559fe983ed90;
T_0 ;
    %pushi/vec4 0, 0, 1;
    %store/vec4 v0x559fe9840f30_0, 0, 1;
    %end;
    .thread T_0;
    .scope S_0x559fe983ed90;
T_1 ;
    %delay 10, 0;
    %load/vec4 v0x559fe9840f30_0;
    %inv;
    %store/vec4 v0x559fe9840f30_0, 0, 1;
    %jmp T_1;
    .thread T_1;
    .scope S_0x559fe983ed90;
T_2 ;
    %delay 10, 0;
    %vpi_call 2 31 "$monitor", "a=%b, d1=%b, d0=%b", v0x559fe9840f30_0, v0x559fe9886ba0_0, v0x559fe9886ae0_0 {0 0 0};
    %vpi_call 2 32 "$dumpfile", "1to2linedecoder.vcd" {0 0 0};
    %vpi_call 2 33 "$dumpvars", 32'sb00000000000000000000000000000000, S_0x559fe983ed90 {0 0 0};
    %delay 110, 0;
    %vpi_call 2 34 "$finish" {0 0 0};
    %end;
    .thread T_2;
# The file index is used to find the file name in the following table.
:file_names 3;
    "N/A";
    "<interactive>";
    "1to2_line_decoder.v";
