#! /usr/bin/vvp
:ivl_version "10.2 (stable)";
:ivl_delay_selection "TYPICAL";
:vpi_time_precision + 0;
:vpi_module "system";
:vpi_module "vhdl_sys";
:vpi_module "v2005_math";
:vpi_module "va_math";
S_0x558e3cf33130 .scope module, "half_adder" "half_adder" 2 4;
 .timescale 0 0;
    .port_info 0 /INPUT 1 "i_bit1"
    .port_info 1 /INPUT 1 "i_bit2"
    .port_info 2 /OUTPUT 1 "o_sum"
    .port_info 3 /OUTPUT 1 "o_carry"
o0x7fca15284018 .functor BUFZ 1, C4<z>; HiZ drive
o0x7fca15284048 .functor BUFZ 1, C4<z>; HiZ drive
L_0x558e3cf8b3c0 .functor XOR 1, o0x7fca15284018, o0x7fca15284048, C4<0>, C4<0>;
L_0x558e3cf8b4b0 .functor AND 1, o0x7fca15284018, o0x7fca15284048, C4<1>, C4<1>;
v0x558e3cf33320_0 .net "i_bit1", 0 0, o0x7fca15284018;  0 drivers
v0x558e3cf8b0c0_0 .net "i_bit2", 0 0, o0x7fca15284048;  0 drivers
v0x558e3cf8b180_0 .net "o_carry", 0 0, L_0x558e3cf8b4b0;  1 drivers
v0x558e3cf8b250_0 .net "o_sum", 0 0, L_0x558e3cf8b3c0;  1 drivers
    .scope S_0x558e3cf33130;
T_0 ;
    %vpi_call 2 21 "$monitor", "sum=%b, carry=%b", v0x558e3cf8b250_0, v0x558e3cf8b180_0 {0 0 0};
    %vpi_call 2 22 "$dumpfile", "half_adder.vcd" {0 0 0};
    %vpi_call 2 23 "$dumpvars", 32'sb00000000000000000000000000000000, S_0x558e3cf33130 {0 0 0};
    %delay 50, 0;
    %vpi_call 2 24 "$finish" {0 0 0};
    %end;
    .thread T_0;
# The file index is used to find the file name in the following table.
:file_names 3;
    "N/A";
    "<interactive>";
    "half_adder.v";
