#! /usr/bin/vvp
:ivl_version "10.3 (stable)";
:ivl_delay_selection "TYPICAL";
:vpi_time_precision + 0;
:vpi_module "system";
:vpi_module "vhdl_sys";
:vpi_module "v2005_math";
:vpi_module "va_math";
S_0x564b7a39b0d0 .scope module, "pattern_recognition" "pattern_recognition" 2 1;
 .timescale 0 0;
    .port_info 0 /OUTPUT 16 "counter"
    .port_info 1 /INPUT 1 "clk"
    .port_info 2 /INPUT 1 "srst_n"
    .port_info 3 /INPUT 1 "din"
P_0x564b7a39b250 .param/l "s0" 0 2 7, C4<00>;
P_0x564b7a39b290 .param/l "s1" 0 2 8, C4<01>;
P_0x564b7a39b2d0 .param/l "s2" 0 2 9, C4<10>;
P_0x564b7a39b310 .param/l "s3" 0 2 10, C4<11>;
o0x7f43fe285018 .functor BUFZ 1, C4<z>; HiZ drive
v0x564b7a3adcf0_0 .net "clk", 0 0, o0x7f43fe285018;  0 drivers
v0x564b7a3e2fd0_0 .var "counter", 15 0;
o0x7f43fe285078 .functor BUFZ 1, C4<z>; HiZ drive
v0x564b7a3e30b0_0 .net "din", 0 0, o0x7f43fe285078;  0 drivers
o0x7f43fe2850a8 .functor BUFZ 1, C4<z>; HiZ drive
v0x564b7a3e3180_0 .net "srst_n", 0 0, o0x7f43fe2850a8;  0 drivers
v0x564b7a3e3240_0 .var "state", 1 0;
E_0x564b7a3d08a0 .event posedge, v0x564b7a3adcf0_0;
    .scope S_0x564b7a39b0d0;
T_0 ;
    %wait E_0x564b7a3d08a0;
    %load/vec4 v0x564b7a3e3240_0;
    %dup/vec4;
    %pushi/vec4 0, 0, 2;
    %cmp/u;
    %jmp/1 T_0.0, 6;
    %dup/vec4;
    %pushi/vec4 1, 0, 2;
    %cmp/u;
    %jmp/1 T_0.1, 6;
    %dup/vec4;
    %pushi/vec4 2, 0, 2;
    %cmp/u;
    %jmp/1 T_0.2, 6;
    %dup/vec4;
    %pushi/vec4 3, 0, 2;
    %cmp/u;
    %jmp/1 T_0.3, 6;
    %jmp T_0.4;
T_0.0 ;
    %load/vec4 v0x564b7a3e30b0_0;
    %nor/r;
    %flag_set/vec4 8;
    %jmp/0xz  T_0.5, 8;
    %pushi/vec4 1, 0, 2;
    %assign/vec4 v0x564b7a3e3240_0, 0;
    %jmp T_0.6;
T_0.5 ;
    %pushi/vec4 0, 0, 2;
    %assign/vec4 v0x564b7a3e3240_0, 0;
T_0.6 ;
    %jmp T_0.4;
T_0.1 ;
    %load/vec4 v0x564b7a3e30b0_0;
    %flag_set/vec4 8;
    %jmp/0xz  T_0.7, 8;
    %pushi/vec4 2, 0, 2;
    %assign/vec4 v0x564b7a3e3240_0, 0;
    %jmp T_0.8;
T_0.7 ;
    %pushi/vec4 1, 0, 2;
    %assign/vec4 v0x564b7a3e3240_0, 0;
T_0.8 ;
    %jmp T_0.4;
T_0.2 ;
    %load/vec4 v0x564b7a3e30b0_0;
    %flag_set/vec4 8;
    %jmp/0xz  T_0.9, 8;
    %pushi/vec4 3, 0, 2;
    %assign/vec4 v0x564b7a3e3240_0, 0;
    %jmp T_0.10;
T_0.9 ;
    %pushi/vec4 1, 0, 2;
    %assign/vec4 v0x564b7a3e3240_0, 0;
T_0.10 ;
    %jmp T_0.4;
T_0.3 ;
    %load/vec4 v0x564b7a3e30b0_0;
    %nor/r;
    %flag_set/vec4 8;
    %jmp/0xz  T_0.11, 8;
    %pushi/vec4 1, 0, 2;
    %assign/vec4 v0x564b7a3e3240_0, 0;
    %load/vec4 v0x564b7a3e2fd0_0;
    %addi 1, 0, 16;
    %assign/vec4 v0x564b7a3e2fd0_0, 0;
    %jmp T_0.12;
T_0.11 ;
    %pushi/vec4 0, 0, 2;
    %assign/vec4 v0x564b7a3e3240_0, 0;
T_0.12 ;
    %jmp T_0.4;
T_0.4 ;
    %pop/vec4 1;
    %jmp T_0;
    .thread T_0;
    .scope S_0x564b7a39b0d0;
T_1 ;
    %wait E_0x564b7a3d08a0;
    %load/vec4 v0x564b7a3e3180_0;
    %nor/r;
    %flag_set/vec4 8;
    %jmp/0xz  T_1.0, 8;
    %pushi/vec4 0, 0, 16;
    %assign/vec4 v0x564b7a3e2fd0_0, 0;
    %pushi/vec4 0, 0, 2;
    %assign/vec4 v0x564b7a3e3240_0, 0;
T_1.0 ;
    %jmp T_1;
    .thread T_1;
# The file index is used to find the file name in the following table.
:file_names 3;
    "N/A";
    "<interactive>";
    "pattern_recognition.v";
