#! /usr/bin/vvp
:ivl_version "10.2 (stable)";
:ivl_delay_selection "TYPICAL";
:vpi_time_precision - 9;
:vpi_module "system";
:vpi_module "vhdl_sys";
:vpi_module "v2005_math";
:vpi_module "va_math";
S_0x555987fe9a60 .scope module, "tb_basic_gates" "tb_basic_gates" 2 6;
 .timescale -9 -9;
v0x5559880106b0_0 .var "A", 0 0;
v0x555988010750_0 .var "B", 0 0;
S_0x555987faf6b0 .scope module, "basic_gates" "basic_gates" 2 12, 3 15 0, S_0x555987fe9a60;
 .timescale -9 -9;
    .port_info 0 /INPUT 1 "A"
    .port_info 1 /INPUT 1 "B"
L_0x555987feebe0 .functor AND 1, v0x5559880106b0_0, v0x555988010750_0, C4<1>, C4<1>;
L_0x555988010840 .functor XOR 1, v0x5559880106b0_0, v0x555988010750_0, C4<0>, C4<0>;
L_0x5559880108b0 .functor AND 1, v0x5559880106b0_0, v0x555988010750_0, C4<1>, C4<1>;
L_0x555988010920 .functor NOT 1, L_0x5559880108b0, C4<0>, C4<0>, C4<0>;
L_0x5559880109c0 .functor XOR 1, v0x5559880106b0_0, v0x555988010750_0, C4<0>, C4<0>;
L_0x555988010a30 .functor NOT 1, L_0x5559880109c0, C4<0>, C4<0>, C4<0>;
L_0x555988010ae0 .functor NOT 1, v0x555988010750_0, C4<0>, C4<0>, C4<0>;
L_0x555988010c40 .functor NOT 1, v0x5559880106b0_0, C4<0>, C4<0>, C4<0>;
L_0x555988010ec0 .functor NOT 1, v0x5559880106b0_0, C4<0>, C4<0>, C4<0>;
L_0x5559880111b0 .functor NOT 1, v0x555988010750_0, C4<0>, C4<0>, C4<0>;
v0x555987faf4f0_0 .net "A", 0 0, v0x5559880106b0_0;  1 drivers
v0x55598800f820_0 .net "B", 0 0, v0x555988010750_0;  1 drivers
v0x55598800f8e0_0 .net *"_s12", 0 0, L_0x555988010ae0;  1 drivers
v0x55598800f9a0_0 .net *"_s15", 0 0, L_0x555988010b50;  1 drivers
v0x55598800fa80_0 .net *"_s16", 0 0, L_0x555988010c40;  1 drivers
v0x55598800fbb0_0 .net *"_s19", 0 0, L_0x555988010d00;  1 drivers
v0x55598800fc90_0 .net *"_s23", 0 0, L_0x555988010fd0;  1 drivers
v0x55598800fd70_0 .net *"_s24", 0 0, L_0x555988010ec0;  1 drivers
v0x55598800fe50_0 .net *"_s26", 0 0, L_0x5559880111b0;  1 drivers
v0x55598800ff30_0 .net *"_s29", 0 0, L_0x5559880112b0;  1 drivers
v0x555988010010_0 .net *"_s4", 0 0, L_0x5559880108b0;  1 drivers
v0x5559880100f0_0 .net *"_s8", 0 0, L_0x5559880109c0;  1 drivers
v0x5559880101d0_0 .net "o_and", 0 0, L_0x555987feebe0;  1 drivers
v0x555988010290_0 .net "o_nand", 0 0, L_0x555988010920;  1 drivers
v0x555988010350_0 .net "o_nor", 0 0, L_0x555988010a30;  1 drivers
v0x555988010410_0 .net "o_or", 0 0, L_0x555988010840;  1 drivers
v0x5559880104d0_0 .net "o_xnor", 0 0, L_0x5559880113d0;  1 drivers
v0x555988010590_0 .net "o_xor", 0 0, L_0x555988010e20;  1 drivers
L_0x555988010b50 .arith/mult 1, v0x5559880106b0_0, L_0x555988010ae0;
L_0x555988010d00 .arith/mult 1, L_0x555988010c40, v0x555988010750_0;
L_0x555988010e20 .arith/sum 1, L_0x555988010b50, L_0x555988010d00;
L_0x555988010fd0 .arith/mult 1, v0x5559880106b0_0, v0x555988010750_0;
L_0x5559880112b0 .arith/mult 1, L_0x555988010ec0, L_0x5559880111b0;
L_0x5559880113d0 .arith/sum 1, L_0x555988010fd0, L_0x5559880112b0;
    .scope S_0x555987fe9a60;
T_0 ;
    %vpi_call 2 16 "$dumpfile", "basic_gates.vcd" {0 0 0};
    %vpi_call 2 17 "$dumpvars", 32'sb00000000000000000000000000000000, S_0x555987fe9a60 {0 0 0};
    %delay 20, 0;
    %pushi/vec4 0, 0, 2;
    %split/vec4 1;
    %store/vec4 v0x555988010750_0, 0, 1;
    %store/vec4 v0x5559880106b0_0, 0, 1;
    %delay 20, 0;
    %pushi/vec4 1, 0, 2;
    %split/vec4 1;
    %store/vec4 v0x555988010750_0, 0, 1;
    %store/vec4 v0x5559880106b0_0, 0, 1;
    %delay 20, 0;
    %pushi/vec4 2, 0, 2;
    %split/vec4 1;
    %store/vec4 v0x555988010750_0, 0, 1;
    %store/vec4 v0x5559880106b0_0, 0, 1;
    %delay 20, 0;
    %pushi/vec4 3, 0, 2;
    %split/vec4 1;
    %store/vec4 v0x555988010750_0, 0, 1;
    %store/vec4 v0x5559880106b0_0, 0, 1;
    %delay 20, 0;
    %vpi_call 2 26 "$display", "Test complete" {0 0 0};
    %end;
    .thread T_0;
# The file index is used to find the file name in the following table.
:file_names 4;
    "N/A";
    "<interactive>";
    "tb_basic_gates.v";
    "./basic_gates.v";
