#! /usr/bin/vvp
:ivl_version "10.3 (stable)";
:ivl_delay_selection "TYPICAL";
:vpi_time_precision + 0;
:vpi_module "system";
:vpi_module "vhdl_sys";
:vpi_module "v2005_math";
:vpi_module "va_math";
S_0x55d1fad9b080 .scope module, "tb_siso" "tb_siso" 2 5;
 .timescale 0 0;
P_0x55d1fad9b200 .param/l "HP" 0 2 8, +C4<00000000000000000000000000000101>;
P_0x55d1fad9b240 .param/l "LEN" 0 2 9, +C4<00000000000000000000000000000100>;
P_0x55d1fad9b280 .param/l "PERIOD" 0 2 7, +C4<00000000000000000000000000001010>;
v0x55d1fadb2e30_0 .var/i "i", 31 0;
v0x55d1fadb2f30_0 .var "i_clk", 0 0;
v0x55d1fadb2ff0_0 .var "i_d", 0 0;
v0x55d1fadb30f0_0 .var "i_rst", 0 0;
v0x55d1fadb31c0_0 .net "o_siso", 0 0, L_0x55d1fad9b670;  1 drivers
v0x55d1fadb32b0_0 .var "pattern", 3 0;
v0x55d1fadb3350_0 .net "r_d0", 0 0, v0x55d1fadb2a00_0;  1 drivers
v0x55d1fadb3420_0 .net "r_d1", 0 0, v0x55d1fadb2b10_0;  1 drivers
v0x55d1fadb34f0_0 .net "r_d2", 0 0, v0x55d1fadb2bd0_0;  1 drivers
S_0x55d1fad63070 .scope module, "SISO" "siso" 2 53, 3 3 0, S_0x55d1fad9b080;
 .timescale 0 0;
    .port_info 0 /INPUT 1 "i_clk"
    .port_info 1 /INPUT 1 "i_d"
    .port_info 2 /INPUT 1 "i_rst"
    .port_info 3 /OUTPUT 1 "o_siso"
    .port_info 4 /OUTPUT 1 "r_d0"
    .port_info 5 /OUTPUT 1 "r_d1"
    .port_info 6 /OUTPUT 1 "r_d2"
L_0x55d1fad9b670 .functor BUFZ 1, v0x55d1fadb2c90_0, C4<0>, C4<0>, C4<0>;
v0x55d1fad632f0_0 .net "i_clk", 0 0, v0x55d1fadb2f30_0;  1 drivers
v0x55d1fadb27b0_0 .net "i_d", 0 0, v0x55d1fadb2ff0_0;  1 drivers
v0x55d1fadb2870_0 .net "i_rst", 0 0, v0x55d1fadb30f0_0;  1 drivers
v0x55d1fadb2940_0 .net "o_siso", 0 0, L_0x55d1fad9b670;  alias, 1 drivers
v0x55d1fadb2a00_0 .var "r_d0", 0 0;
v0x55d1fadb2b10_0 .var "r_d1", 0 0;
v0x55d1fadb2bd0_0 .var "r_d2", 0 0;
v0x55d1fadb2c90_0 .var "r_d3", 0 0;
E_0x55d1fad98950 .event posedge, v0x55d1fad632f0_0;
    .scope S_0x55d1fad63070;
T_0 ;
    %pushi/vec4 0, 0, 1;
    %assign/vec4 v0x55d1fadb2bd0_0, 0;
    %pushi/vec4 0, 0, 1;
    %assign/vec4 v0x55d1fadb2b10_0, 0;
    %pushi/vec4 0, 0, 1;
    %assign/vec4 v0x55d1fadb2a00_0, 0;
    %end;
    .thread T_0;
    .scope S_0x55d1fad63070;
T_1 ;
    %wait E_0x55d1fad98950;
    %load/vec4 v0x55d1fadb2870_0;
    %nor/r;
    %flag_set/vec4 8;
    %jmp/0xz  T_1.0, 8;
    %pushi/vec4 0, 0, 1;
    %assign/vec4 v0x55d1fadb2bd0_0, 0;
    %pushi/vec4 0, 0, 1;
    %assign/vec4 v0x55d1fadb2b10_0, 0;
    %pushi/vec4 0, 0, 1;
    %assign/vec4 v0x55d1fadb2a00_0, 0;
    %jmp T_1.1;
T_1.0 ;
    %load/vec4 v0x55d1fadb27b0_0;
    %assign/vec4 v0x55d1fadb2a00_0, 0;
    %load/vec4 v0x55d1fadb2a00_0;
    %assign/vec4 v0x55d1fadb2b10_0, 0;
    %load/vec4 v0x55d1fadb2b10_0;
    %assign/vec4 v0x55d1fadb2bd0_0, 0;
    %load/vec4 v0x55d1fadb2bd0_0;
    %assign/vec4 v0x55d1fadb2c90_0, 0;
T_1.1 ;
    %jmp T_1;
    .thread T_1;
    .scope S_0x55d1fad9b080;
T_2 ;
    %pushi/vec4 13, 0, 4;
    %store/vec4 v0x55d1fadb32b0_0, 0, 4;
    %end;
    .thread T_2;
    .scope S_0x55d1fad9b080;
T_3 ;
    %delay 5, 0;
    %load/vec4 v0x55d1fadb2f30_0;
    %inv;
    %assign/vec4 v0x55d1fadb2f30_0, 0;
    %jmp T_3;
    .thread T_3;
    .scope S_0x55d1fad9b080;
T_4 ;
    %pushi/vec4 1, 0, 1;
    %store/vec4 v0x55d1fadb2f30_0, 0, 1;
    %pushi/vec4 0, 0, 1;
    %store/vec4 v0x55d1fadb2ff0_0, 0, 1;
    %pushi/vec4 0, 0, 1;
    %store/vec4 v0x55d1fadb30f0_0, 0, 1;
    %pushi/vec4 1, 0, 1;
    %store/vec4 v0x55d1fadb30f0_0, 0, 1;
    %pushi/vec4 0, 0, 32;
    %store/vec4 v0x55d1fadb2e30_0, 0, 32;
T_4.0 ;
    %load/vec4 v0x55d1fadb2e30_0;
    %cmpi/s 4, 0, 32;
    %jmp/0xz T_4.1, 5;
    %delay 10, 0;
    %load/vec4 v0x55d1fadb32b0_0;
    %load/vec4 v0x55d1fadb2e30_0;
    %part/s 1;
    %store/vec4 v0x55d1fadb2ff0_0, 0, 1;
    %load/vec4 v0x55d1fadb2e30_0;
    %addi 1, 0, 32;
    %store/vec4 v0x55d1fadb2e30_0, 0, 32;
    %jmp T_4.0;
T_4.1 ;
    %delay 10, 0;
    %pushi/vec4 0, 0, 1;
    %store/vec4 v0x55d1fadb2ff0_0, 0, 1;
    %end;
    .thread T_4;
    .scope S_0x55d1fad9b080;
T_5 ;
    %vpi_call 2 43 "$display", "time\011d\011d0\011d1\011d2\011o_siso" {0 0 0};
    %vpi_call 2 44 "$monitor", "%0t\011%b\011%b\011%b\011%b\011%b", $time, v0x55d1fadb2ff0_0, v0x55d1fadb3350_0, v0x55d1fadb3420_0, v0x55d1fadb34f0_0, v0x55d1fadb31c0_0 {0 0 0};
    %delay 80, 0;
    %vpi_call 2 45 "$finish" {0 0 0};
    %end;
    .thread T_5;
    .scope S_0x55d1fad9b080;
T_6 ;
    %vpi_call 2 49 "$dumpfile", "tb_siso.vcd" {0 0 0};
    %vpi_call 2 50 "$dumpvars", 32'sb00000000000000000000000000000000, S_0x55d1fad9b080 {0 0 0};
    %end;
    .thread T_6;
# The file index is used to find the file name in the following table.
:file_names 4;
    "N/A";
    "<interactive>";
    "tb_siso.v";
    "./siso.v";
