#! /usr/bin/vvp
:ivl_version "10.3 (stable)";
:ivl_delay_selection "TYPICAL";
:vpi_time_precision + 0;
:vpi_module "system";
:vpi_module "vhdl_sys";
:vpi_module "v2005_math";
:vpi_module "va_math";
S_0x55ab43143070 .scope module, "tb_tff" "tb_tff" 2 7;
 .timescale 0 0;
P_0x55ab43142610 .param/l "HP" 0 2 10, +C4<00000000000000000000000000000101>;
P_0x55ab43142650 .param/l "PERIOD" 0 2 9, +C4<00000000000000000000000000001010>;
v0x55ab4318d400_0 .var "clk", 0 0;
v0x55ab4318d4f0_0 .var "i", 1 0;
v0x55ab4318d5b0_0 .var "i_t", 0 0;
v0x55ab4318d6b0_0 .net "o_q", 0 0, v0x55ab4318d0e0_0;  1 drivers
v0x55ab4318d780_0 .net "o_qbar", 0 0, L_0x55ab43179ba0;  1 drivers
S_0x55ab431432c0 .scope module, "TFLIPFLOP" "tff" 2 28, 3 5 0, S_0x55ab43143070;
 .timescale 0 0;
    .port_info 0 /INPUT 1 "clk"
    .port_info 1 /INPUT 1 "i_t"
    .port_info 2 /OUTPUT 1 "o_q"
    .port_info 3 /OUTPUT 1 "o_qbar"
L_0x55ab43179ba0 .functor NOT 1, v0x55ab4318d0e0_0, C4<0>, C4<0>, C4<0>;
v0x55ab43158310_0 .net "clk", 0 0, v0x55ab4318d400_0;  1 drivers
v0x55ab4318d020_0 .net "i_t", 0 0, v0x55ab4318d5b0_0;  1 drivers
v0x55ab4318d0e0_0 .var "o_q", 0 0;
v0x55ab4318d1b0_0 .net "o_qbar", 0 0, L_0x55ab43179ba0;  alias, 1 drivers
v0x55ab4318d270_0 .var "o_qn", 0 0;
E_0x55ab4317a730 .event posedge, v0x55ab43158310_0;
    .scope S_0x55ab431432c0;
T_0 ;
    %pushi/vec4 0, 0, 1;
    %store/vec4 v0x55ab4318d0e0_0, 0, 1;
    %pushi/vec4 0, 0, 1;
    %store/vec4 v0x55ab4318d270_0, 0, 1;
    %end;
    .thread T_0;
    .scope S_0x55ab431432c0;
T_1 ;
    %wait E_0x55ab4317a730;
    %load/vec4 v0x55ab4318d020_0;
    %nor/r;
    %flag_set/vec4 8;
    %jmp/0xz  T_1.0, 8;
    %load/vec4 v0x55ab4318d0e0_0;
    %assign/vec4 v0x55ab4318d0e0_0, 0;
    %jmp T_1.1;
T_1.0 ;
    %load/vec4 v0x55ab4318d0e0_0;
    %inv;
    %assign/vec4 v0x55ab4318d0e0_0, 0;
T_1.1 ;
    %jmp T_1;
    .thread T_1;
    .scope S_0x55ab43143070;
T_2 ;
    %pushi/vec4 0, 0, 2;
    %store/vec4 v0x55ab4318d4f0_0, 0, 2;
    %end;
    .thread T_2;
    .scope S_0x55ab43143070;
T_3 ;
    %delay 5, 0;
    %load/vec4 v0x55ab4318d400_0;
    %pushi/vec4 1, 0, 1;
    %add;
    %store/vec4 v0x55ab4318d400_0, 0, 1;
    %jmp T_3;
    .thread T_3;
    .scope S_0x55ab43143070;
T_4 ;
    %pushi/vec4 0, 0, 1;
    %store/vec4 v0x55ab4318d400_0, 0, 1;
    %pushi/vec4 0, 0, 1;
    %store/vec4 v0x55ab4318d5b0_0, 0, 1;
    %pushi/vec4 0, 0, 2;
    %store/vec4 v0x55ab4318d4f0_0, 0, 2;
T_4.0 ;
    %load/vec4 v0x55ab4318d4f0_0;
    %pad/u 32;
    %cmpi/u 4, 0, 32;
    %jmp/0xz T_4.1, 5;
    %delay 5, 0;
    %load/vec4 v0x55ab4318d4f0_0;
    %parti/s 1, 1, 2;
    %store/vec4 v0x55ab4318d5b0_0, 0, 1;
    %load/vec4 v0x55ab4318d4f0_0;
    %addi 1, 0, 2;
    %store/vec4 v0x55ab4318d4f0_0, 0, 2;
    %jmp T_4.0;
T_4.1 ;
    %end;
    .thread T_4;
    .scope S_0x55ab43143070;
T_5 ;
    %vpi_call 2 36 "$dumpfile", "tb_tff.vcd" {0 0 0};
    %vpi_call 2 37 "$dumpvars", 32'sb00000000000000000000000000000000, S_0x55ab43143070 {0 0 0};
    %end;
    .thread T_5;
    .scope S_0x55ab43143070;
T_6 ;
    %vpi_call 2 41 "$display", "clk\011i_t\011o_q\011o_qbar" {0 0 0};
    %vpi_call 2 42 "$monitor", v0x55ab4318d400_0, "\011", v0x55ab4318d5b0_0, "\011", v0x55ab4318d6b0_0, "\011", v0x55ab4318d780_0 {0 0 0};
    %delay 40, 0;
    %vpi_call 2 43 "$finish" {0 0 0};
    %end;
    .thread T_6;
# The file index is used to find the file name in the following table.
:file_names 4;
    "N/A";
    "<interactive>";
    "tb_tff.v";
    "./tff.v";
