#! /usr/bin/vvp
:ivl_version "10.3 (stable)";
:ivl_delay_selection "TYPICAL";
:vpi_time_precision + 0;
:vpi_module "system";
:vpi_module "vhdl_sys";
:vpi_module "v2005_math";
:vpi_module "va_math";
S_0x55fe5d228130 .scope module, "inverter" "inverter" 2 2;
 .timescale 0 0;
    .port_info 0 /INPUT 1 "a"
    .port_info 1 /OUTPUT 1 "y"
o0x7f88151da018 .functor BUFZ 1, C4<z>; HiZ drive
L_0x55fe5d26c580 .functor NOT 1, o0x7f88151da018, C4<0>, C4<0>, C4<0>;
v0x55fe5d23aef0_0 .net "a", 0 0, o0x7f88151da018;  0 drivers
v0x55fe5d26c2e0_0 .net "y", 0 0, L_0x55fe5d26c580;  1 drivers
S_0x55fe5d2282b0 .scope module, "inverter_tb" "inverter_tb" 2 10;
 .timescale 0 0;
v0x55fe5d26c400_0 .var "a", 0 0;
o0x7f88151da108 .functor BUFZ 1, C4<z>; HiZ drive
v0x55fe5d26c4c0_0 .net "y", 0 0, o0x7f88151da108;  0 drivers
    .scope S_0x55fe5d2282b0;
T_0 ;
    %pushi/vec4 0, 0, 1;
    %store/vec4 v0x55fe5d26c400_0, 0, 1;
    %end;
    .thread T_0;
    .scope S_0x55fe5d2282b0;
T_1 ;
    %delay 10, 0;
    %load/vec4 v0x55fe5d26c400_0;
    %inv;
    %store/vec4 v0x55fe5d26c400_0, 0, 1;
    %jmp T_1;
    .thread T_1;
    .scope S_0x55fe5d2282b0;
T_2 ;
    %vpi_call 2 19 "$monitor", "a=%d, y=%d", v0x55fe5d26c400_0, v0x55fe5d26c4c0_0 {0 0 0};
    %vpi_call 2 20 "$dumpvars", "inverter.vcd" {0 0 0};
    %vpi_call 2 21 "$dumpvars", 32'sb00000000000000000000000000000000, S_0x55fe5d228130 {0 0 0};
    %end;
    .thread T_2;
# The file index is used to find the file name in the following table.
:file_names 3;
    "N/A";
    "<interactive>";
    "inverter.v";
